[2026-04-28T21:37:53.783Z] [INFO] Scheduled task: Full anatomy rescan (0 */6 * * *)
[2026-04-28T21:37:53.784Z] [INFO] Scheduled task: Consolidate old memory (0 2 * * *)
[2026-04-28T21:37:53.784Z] [INFO] Scheduled task: Token audit report (0 0 * * 1)
[2026-04-28T21:37:53.784Z] [INFO] Scheduled task: Cerebrum reflection (0 3 * * 0)
[2026-04-28T21:37:53.784Z] [INFO] Scheduled task: AI suggestions (0 4 * * 1)
[2026-04-28T21:37:53.785Z] [INFO] File watcher started on .wolf/
[2026-04-28T21:37:53.785Z] [INFO] OpenWolf daemon started
[2026-04-28T21:37:53.785Z] [INFO] Dashboard server listening on port 18791
[2026-04-28T21:37:53.905Z] [INFO] Scheduled task: Full anatomy rescan (0 */6 * * *)
[2026-04-28T21:37:53.906Z] [INFO] Scheduled task: Consolidate old memory (0 2 * * *)
[2026-04-28T21:37:53.906Z] [INFO] Scheduled task: Token audit report (0 0 * * 1)
[2026-04-28T21:37:53.906Z] [INFO] Scheduled task: Cerebrum reflection (0 3 * * 0)
[2026-04-28T21:37:53.906Z] [INFO] Scheduled task: AI suggestions (0 4 * * 1)
[2026-04-28T21:37:53.907Z] [INFO] File watcher started on .wolf/
[2026-04-28T21:37:53.907Z] [INFO] OpenWolf daemon started
[2026-04-28T21:37:53.908Z] [INFO] Dashboard server listening on port 18791
[2026-04-28T21:37:54.025Z] [INFO] Scheduled task: Full anatomy rescan (0 */6 * * *)
[2026-04-28T21:37:54.025Z] [INFO] Scheduled task: Consolidate old memory (0 2 * * *)
[2026-04-28T21:37:54.025Z] [INFO] Scheduled task: Token audit report (0 0 * * 1)
[2026-04-28T21:37:54.027Z] [INFO] Scheduled task: Cerebrum reflection (0 3 * * 0)
[2026-04-28T21:37:54.027Z] [INFO] Scheduled task: AI suggestions (0 4 * * 1)
[2026-04-28T21:37:54.027Z] [INFO] File watcher started on .wolf/
[2026-04-28T21:37:54.028Z] [INFO] OpenWolf daemon started
[2026-04-28T21:37:54.028Z] [INFO] Dashboard server listening on port 18791
[2026-04-28T21:37:54.158Z] [INFO] Scheduled task: Full anatomy rescan (0 */6 * * *)
[2026-04-28T21:37:54.159Z] [INFO] Scheduled task: Consolidate old memory (0 2 * * *)
[2026-04-28T21:37:54.159Z] [INFO] Scheduled task: Token audit report (0 0 * * 1)
[2026-04-28T21:37:54.159Z] [INFO] Scheduled task: Cerebrum reflection (0 3 * * 0)
[2026-04-28T21:37:54.160Z] [INFO] Scheduled task: AI suggestions (0 4 * * 1)
[2026-04-28T21:37:54.160Z] [INFO] File watcher started on .wolf/
[2026-04-28T21:37:54.160Z] [INFO] OpenWolf daemon started
[2026-04-28T21:37:54.161Z] [INFO] Dashboard server listening on port 18791
[2026-04-28T21:37:54.290Z] [INFO] Scheduled task: Full anatomy rescan (0 */6 * * *)
[2026-04-28T21:37:54.291Z] [INFO] Scheduled task: Consolidate old memory (0 2 * * *)
[2026-04-28T21:37:54.291Z] [INFO] Scheduled task: Token audit report (0 0 * * 1)
[2026-04-28T21:37:54.291Z] [INFO] Scheduled task: Cerebrum reflection (0 3 * * 0)
[2026-04-28T21:37:54.291Z] [INFO] Scheduled task: AI suggestions (0 4 * * 1)
[2026-04-28T21:37:54.292Z] [INFO] File watcher started on .wolf/
[2026-04-28T21:37:54.292Z] [INFO] OpenWolf daemon started
[2026-04-28T21:37:54.292Z] [INFO] Dashboard server listening on port 18791
[2026-04-28T21:37:54.420Z] [INFO] Scheduled task: Full anatomy rescan (0 */6 * * *)
[2026-04-28T21:37:54.421Z] [INFO] Scheduled task: Consolidate old memory (0 2 * * *)
[2026-04-28T21:37:54.421Z] [INFO] Scheduled task: Token audit report (0 0 * * 1)
[2026-04-28T21:37:54.421Z] [INFO] Scheduled task: Cerebrum reflection (0 3 * * 0)
[2026-04-28T21:37:54.421Z] [INFO] Scheduled task: AI suggestions (0 4 * * 1)
[2026-04-28T21:37:54.422Z] [INFO] File watcher started on .wolf/
[2026-04-28T21:37:54.422Z] [INFO] OpenWolf daemon started
[2026-04-28T21:37:54.422Z] [INFO] Dashboard server listening on port 18791
[2026-04-28T21:37:54.552Z] [INFO] Scheduled task: Full anatomy rescan (0 */6 * * *)
[2026-04-28T21:37:54.553Z] [INFO] Scheduled task: Consolidate old memory (0 2 * * *)
[2026-04-28T21:37:54.553Z] [INFO] Scheduled task: Token audit report (0 0 * * 1)
[2026-04-28T21:37:54.553Z] [INFO] Scheduled task: Cerebrum reflection (0 3 * * 0)
[2026-04-28T21:37:54.553Z] [INFO] Scheduled task: AI suggestions (0 4 * * 1)
[2026-04-28T21:37:54.554Z] [INFO] File watcher started on .wolf/
[2026-04-28T21:37:54.554Z] [INFO] OpenWolf daemon started
[2026-04-28T21:37:54.554Z] [INFO] Dashboard server listening on port 18791
[2026-04-28T21:37:54.674Z] [INFO] Scheduled task: Full anatomy rescan (0 */6 * * *)
[2026-04-28T21:37:54.675Z] [INFO] Scheduled task: Consolidate old memory (0 2 * * *)
[2026-04-28T21:37:54.675Z] [INFO] Scheduled task: Token audit report (0 0 * * 1)
[2026-04-28T21:37:54.675Z] [INFO] Scheduled task: Cerebrum reflection (0 3 * * 0)
[2026-04-28T21:37:54.675Z] [INFO] Scheduled task: AI suggestions (0 4 * * 1)
[2026-04-28T21:37:54.675Z] [INFO] File watcher started on .wolf/
[2026-04-28T21:37:54.676Z] [INFO] OpenWolf daemon started
[2026-04-28T21:37:54.676Z] [INFO] Dashboard server listening on port 18791
[2026-04-28T21:37:54.793Z] [INFO] Scheduled task: Full anatomy rescan (0 */6 * * *)
[2026-04-28T21:37:54.793Z] [INFO] Scheduled task: Consolidate old memory (0 2 * * *)
[2026-04-28T21:37:54.793Z] [INFO] Scheduled task: Token audit report (0 0 * * 1)
[2026-04-28T21:37:54.793Z] [INFO] Scheduled task: Cerebrum reflection (0 3 * * 0)
[2026-04-28T21:37:54.794Z] [INFO] Scheduled task: AI suggestions (0 4 * * 1)
[2026-04-28T21:37:54.794Z] [INFO] File watcher started on .wolf/
[2026-04-28T21:37:54.794Z] [INFO] OpenWolf daemon started
[2026-04-28T21:37:54.795Z] [INFO] Dashboard server listening on port 18791
[2026-04-28T21:37:54.923Z] [INFO] Scheduled task: Full anatomy rescan (0 */6 * * *)
[2026-04-28T21:37:54.924Z] [INFO] Scheduled task: Consolidate old memory (0 2 * * *)
[2026-04-28T21:37:54.924Z] [INFO] Scheduled task: Token audit report (0 0 * * 1)
[2026-04-28T21:37:54.924Z] [INFO] Scheduled task: Cerebrum reflection (0 3 * * 0)
[2026-04-28T21:37:54.925Z] [INFO] Scheduled task: AI suggestions (0 4 * * 1)
[2026-04-28T21:37:54.925Z] [INFO] File watcher started on .wolf/
[2026-04-28T21:37:54.925Z] [INFO] OpenWolf daemon started
[2026-04-28T21:37:54.926Z] [INFO] Dashboard server listening on port 18791
[2026-04-28T21:37:55.049Z] [INFO] Scheduled task: Full anatomy rescan (0 */6 * * *)
[2026-04-28T21:37:55.050Z] [INFO] Scheduled task: Consolidate old memory (0 2 * * *)
[2026-04-28T21:37:55.050Z] [INFO] Scheduled task: Token audit report (0 0 * * 1)
[2026-04-28T21:37:55.050Z] [INFO] Scheduled task: Cerebrum reflection (0 3 * * 0)
[2026-04-28T21:37:55.050Z] [INFO] Scheduled task: AI suggestions (0 4 * * 1)
[2026-04-28T21:37:55.050Z] [INFO] File watcher started on .wolf/
[2026-04-28T21:37:55.051Z] [INFO] OpenWolf daemon started
[2026-04-28T21:37:55.051Z] [INFO] Dashboard server listening on port 18791
[2026-04-28T21:37:55.176Z] [INFO] Scheduled task: Full anatomy rescan (0 */6 * * *)
[2026-04-28T21:37:55.177Z] [INFO] Scheduled task: Consolidate old memory (0 2 * * *)
[2026-04-28T21:37:55.177Z] [INFO] Scheduled task: Token audit report (0 0 * * 1)
[2026-04-28T21:37:55.177Z] [INFO] Scheduled task: Cerebrum reflection (0 3 * * 0)
[2026-04-28T21:37:55.177Z] [INFO] Scheduled task: AI suggestions (0 4 * * 1)
[2026-04-28T21:37:55.178Z] [INFO] File watcher started on .wolf/
[2026-04-28T21:37:55.178Z] [INFO] OpenWolf daemon started
[2026-04-28T21:37:55.178Z] [INFO] Dashboard server listening on port 18791
[2026-04-28T21:37:55.297Z] [INFO] Scheduled task: Full anatomy rescan (0 */6 * * *)
[2026-04-28T21:37:55.298Z] [INFO] Scheduled task: Consolidate old memory (0 2 * * *)
[2026-04-28T21:37:55.298Z] [INFO] Scheduled task: Token audit report (0 0 * * 1)
[2026-04-28T21:37:55.298Z] [INFO] Scheduled task: Cerebrum reflection (0 3 * * 0)
[2026-04-28T21:37:55.298Z] [INFO] Scheduled task: AI suggestions (0 4 * * 1)
[2026-04-28T21:37:55.299Z] [INFO] File watcher started on .wolf/
[2026-04-28T21:37:55.299Z] [INFO] OpenWolf daemon started
[2026-04-28T21:37:55.299Z] [INFO] Dashboard server listening on port 18791
[2026-04-28T21:37:55.416Z] [INFO] Scheduled task: Full anatomy rescan (0 */6 * * *)
[2026-04-28T21:37:55.417Z] [INFO] Scheduled task: Consolidate old memory (0 2 * * *)
[2026-04-28T21:37:55.417Z] [INFO] Scheduled task: Token audit report (0 0 * * 1)
[2026-04-28T21:37:55.417Z] [INFO] Scheduled task: Cerebrum reflection (0 3 * * 0)
[2026-04-28T21:37:55.418Z] [INFO] Scheduled task: AI suggestions (0 4 * * 1)
[2026-04-28T21:37:55.419Z] [INFO] File watcher started on .wolf/
[2026-04-28T21:37:55.419Z] [INFO] OpenWolf daemon started
[2026-04-28T21:37:55.419Z] [INFO] Dashboard server listening on port 18791
[2026-04-28T21:37:55.550Z] [INFO] Scheduled task: Full anatomy rescan (0 */6 * * *)
[2026-04-28T21:37:55.551Z] [INFO] Scheduled task: Consolidate old memory (0 2 * * *)
[2026-04-28T21:37:55.551Z] [INFO] Scheduled task: Token audit report (0 0 * * 1)
[2026-04-28T21:37:55.552Z] [INFO] Scheduled task: Cerebrum reflection (0 3 * * 0)
[2026-04-28T21:37:55.552Z] [INFO] Scheduled task: AI suggestions (0 4 * * 1)
[2026-04-28T21:37:55.552Z] [INFO] File watcher started on .wolf/
[2026-04-28T21:37:55.553Z] [INFO] OpenWolf daemon started
[2026-04-28T21:37:55.553Z] [INFO] Dashboard server listening on port 18791
[2026-04-28T21:37:55.680Z] [INFO] Scheduled task: Full anatomy rescan (0 */6 * * *)
[2026-04-28T21:37:55.681Z] [INFO] Scheduled task: Consolidate old memory (0 2 * * *)
[2026-04-28T21:37:55.681Z] [INFO] Scheduled task: Token audit report (0 0 * * 1)
[2026-04-28T21:37:55.681Z] [INFO] Scheduled task: Cerebrum reflection (0 3 * * 0)
[2026-04-28T21:37:55.682Z] [INFO] Scheduled task: AI suggestions (0 4 * * 1)
[2026-04-28T21:37:55.682Z] [INFO] File watcher started on .wolf/
[2026-04-28T21:37:55.682Z] [INFO] OpenWolf daemon started
[2026-04-28T21:37:55.683Z] [INFO] Dashboard server listening on port 18791
